0 info it worked if it ends with ok
1 verbose cli [ '/usr/bin/node', '/usr/bin/npm', 'run', 'start' ]
2 info using npm@3.5.2
3 info using node@v8.10.0
4 verbose run-script [ 'prestart', 'start', 'poststart' ]
5 info lifecycle reminder_bot@0.0.1~prestart: reminder_bot@0.0.1
6 silly lifecycle reminder_bot@0.0.1~prestart: no script for prestart, continuing
7 info lifecycle reminder_bot@0.0.1~start: reminder_bot@0.0.1
8 verbose lifecycle reminder_bot@0.0.1~start: unsafe-perm in lifecycle true
9 verbose lifecycle reminder_bot@0.0.1~start: PATH: /usr/share/npm/bin/node-gyp-bin:/home/andrey/Study/ReminderBot/RemindMe_TelegramBot/node_modules/.bin:/home/andrey/.local/bin:/home/andrey/.local/bin:/usr/local/sbin:/usr/local/bin:/usr/sbin:/usr/bin:/sbin:/bin:/usr/games:/usr/local/games:/snap/bin
10 verbose lifecycle reminder_bot@0.0.1~start: CWD: /home/andrey/Study/ReminderBot/RemindMe_TelegramBot
11 silly lifecycle reminder_bot@0.0.1~start: Args: [ '-c', 'node bot.js' ]
12 silly lifecycle reminder_bot@0.0.1~start: Returned: code: 1  signal: null
13 info lifecycle reminder_bot@0.0.1~start: Failed to exec start script
14 verbose stack Error: reminder_bot@0.0.1 start: `node bot.js`
14 verbose stack Exit status 1
14 verbose stack     at EventEmitter.<anonymous> (/usr/share/npm/lib/utils/lifecycle.js:232:16)
14 verbose stack     at emitTwo (events.js:126:13)
14 verbose stack     at EventEmitter.emit (events.js:214:7)
14 verbose stack     at ChildProcess.<anonymous> (/usr/share/npm/lib/utils/spawn.js:24:14)
14 verbose stack     at emitTwo (events.js:126:13)
14 verbose stack     at ChildProcess.emit (events.js:214:7)
14 verbose stack     at maybeClose (internal/child_process.js:925:16)
14 verbose stack     at Process.ChildProcess._handle.onexit (internal/child_process.js:209:5)
15 verbose pkgid reminder_bot@0.0.1
16 verbose cwd /home/andrey/Study/ReminderBot/RemindMe_TelegramBot
17 error Linux 4.15.0-34-generic
18 error argv "/usr/bin/node" "/usr/bin/npm" "run" "start"
19 error node v8.10.0
20 error npm  v3.5.2
21 error code ELIFECYCLE
22 error reminder_bot@0.0.1 start: `node bot.js`
22 error Exit status 1
23 error Failed at the reminder_bot@0.0.1 start script 'node bot.js'.
23 error Make sure you have the latest version of node.js and npm installed.
23 error If you do, this is most likely a problem with the reminder_bot package,
23 error not with npm itself.
23 error Tell the author that this fails on your system:
23 error     node bot.js
23 error You can get information on how to open an issue for this project with:
23 error     npm bugs reminder_bot
23 error Or if that isn't available, you can get their info via:
23 error     npm owner ls reminder_bot
23 error There is likely additional logging output above.
24 verbose exit [ 1, true ]
